Removed Pin From Net: NetName=3.3V Pin=R10-1
Removed Pin From Net: NetName=NetESP8266_2 Pin=R10-2
Removed Member From Class: ClassName=ESP8266 Member=R10
Added Component: Designator=R19(tro smd 0603)
Add component (AddParameter): Name = "Chung_Loai"; Value = "Dán"; VariantName = "[No Variations]"
Add component (AddParameter): Name = "Don_Vi"; Value = "Con"; VariantName = "[No Variations]"
Add component (AddParameter): Name = "Kieu_Chan"; Value = ""; VariantName = "[No Variations]"
Add component (AddParameter): Name = "Ma_Hang"; Value = "MH006316"; VariantName = "[No Variations]"
Add component (AddParameter): Name = "So_Chan"; Value = "2"; VariantName = "[No Variations]"
Add component (AddParameter): Name = "Ten_Linh_Kien"; Value = "Tr? 0603 5% 10k"; VariantName = "[No Variations]"
Added Pin To Net: NetName=3.3V Pin=R19-1
Added Pin To Net: NetName=NetESP8266_2 Pin=R19-2
Added Member To Class: ClassName=ESP8266 Member=Component R19 10k
Added Room: Name=BUTTON
Added Room: Name=BUZZER
Added Room: Name=DHT11
Added Room: Name=ESP8266
Added Room: Name=IR18T38
Added Room: Name=KHOI_HA_APP
Added Room: Name=LED_7SEG
Added Room: Name=RELAY
Added Room: Name=STM_32
