Added Component: Designator=101(tro smd 0603)
Add component (AddParameter): Name = "Chung_Loai"; Value = "Dán"; VariantName = "[No Variations]"
Add component (AddParameter): Name = "Don_Vi"; Value = "Con"; VariantName = "[No Variations]"
Add component (AddParameter): Name = "Kieu_Chan"; Value = ""; VariantName = "[No Variations]"
Add component (AddParameter): Name = "Ma_Hang"; Value = "MH006327"; VariantName = "[No Variations]"
Add component (AddParameter): Name = "So_Chan"; Value = "2"; VariantName = "[No Variations]"
Add component (AddParameter): Name = "Ten_Linh_Kien"; Value = "Tr? 0603 5% 4.7k"; VariantName = "[No Variations]"
Added Component: Designator=7805(TO252)
Add component (AddParameter): Name = "Chung_Loai"; Value = "Dán"; VariantName = "[No Variations]"
Add component (AddParameter): Name = "Don_Vi"; Value = "Con"; VariantName = "[No Variations]"
Add component (AddParameter): Name = "Ghi_Chu"; Value = ""; VariantName = "[No Variations]"
Add component (AddParameter): Name = "Kieu_Chan"; Value = ""; VariantName = "[No Variations]"
Add component (AddParameter): Name = "Ma_Hang"; Value = "MH001917"; VariantName = "[No Variations]"
Add component (AddParameter): Name = "Ten_Linh_Kien"; Value = "78M05 TO252"; VariantName = "[No Variations]"
Added Component: Designator=AMS(SOT223)
Add component (AddParameter): Name = "Chung_Loai"; Value = "Dán"; VariantName = "[No Variations]"
Add component (AddParameter): Name = "Don_Vi"; Value = "Con"; VariantName = "[No Variations]"
Add component (AddParameter): Name = "Ghi_Chu"; Value = ""; VariantName = "[No Variations]"
Add component (AddParameter): Name = "Kieu_Chan"; Value = ""; VariantName = "[No Variations]"
Add component (AddParameter): Name = "Ma_Hang"; Value = "MH000596"; VariantName = "[No Variations]"
Add component (AddParameter): Name = "Value"; Value = "AMS1117-3.3V SOT223"; VariantName = "[No Variations]"
Added Component: Designator=BT1(Nut Nhan 4 Chan Cam 6x6)
Add component (AddParameter): Name = "Ma_Hang"; Value = "MH004584"; VariantName = "[No Variations]"
Add component (AddParameter): Name = "Ten"; Value = "Nút Nh?n 4 Chân 6x6x5MM DIP"; VariantName = "[No Variations]"
Added Component: Designator=BT2(Nut Nhan 4 Chan Cam 6x6)
Add component (AddParameter): Name = "Ma_Hang"; Value = "MH004584"; VariantName = "[No Variations]"
Add component (AddParameter): Name = "Ten"; Value = "Nút Nh?n 4 Chân 6x6x5MM DIP"; VariantName = "[No Variations]"
Added Component: Designator=BT3(Nut Nhan 4 Chan Cam 6x6)
Add component (AddParameter): Name = "Ma_Hang"; Value = "MH004584"; VariantName = "[No Variations]"
Add component (AddParameter): Name = "Ten"; Value = "Nút Nh?n 4 Chân 6x6x5MM DIP"; VariantName = "[No Variations]"
Added Component: Designator=BT(Nut Nhan 2 Chan SMD 3x6x2.5)
Add component (AddParameter): Name = "Ma_Hang"; Value = "MH001036"; VariantName = "[No Variations]"
Add component (AddParameter): Name = "Ten"; Value = "Nút Nh?n 2 Chân 3x6x2.5MM SMD"; VariantName = "[No Variations]"
Added Component: Designator=BUZZER?(Coi Chip Speacker)
Added Component: Designator=C1(tu 0603)
Add component (AddParameter): Name = "Chung_Loai"; Value = "Dán"; VariantName = "[No Variations]"
Add component (AddParameter): Name = "Don_Vi"; Value = "Con"; VariantName = "[No Variations]"
Add component (AddParameter): Name = "Kieu_Chan"; Value = ""; VariantName = "[No Variations]"
Add component (AddParameter): Name = "Ma_Hang"; Value = "MH004568"; VariantName = "[No Variations]"
Add component (AddParameter): Name = "So_Chan"; Value = "2"; VariantName = "[No Variations]"
Add component (AddParameter): Name = "Ten_Linh_Kien"; Value = "T? 0603 104-100nF 10% 50V"; VariantName = "[No Variations]"
Added Component: Designator=C2(tu 0603)
Add component (AddParameter): Name = "Chung_Loai"; Value = "Dán"; VariantName = "[No Variations]"
Add component (AddParameter): Name = "Don_Vi"; Value = "Con"; VariantName = "[No Variations]"
Add component (AddParameter): Name = "Kieu_Chan"; Value = ""; VariantName = "[No Variations]"
Add component (AddParameter): Name = "Ma_Hang"; Value = "MH004568"; VariantName = "[No Variations]"
Add component (AddParameter): Name = "So_Chan"; Value = "2"; VariantName = "[No Variations]"
Add component (AddParameter): Name = "Ten_Linh_Kien"; Value = "T? 0603 104-100nF 10% 50V"; VariantName = "[No Variations]"
Added Component: Designator=C3(tu 0603)
Add component (AddParameter): Name = "Chung_Loai"; Value = "Dán"; VariantName = "[No Variations]"
Add component (AddParameter): Name = "Don_Vi"; Value = "Con"; VariantName = "[No Variations]"
Add component (AddParameter): Name = "Kieu_Chan"; Value = ""; VariantName = "[No Variations]"
Add component (AddParameter): Name = "Ma_Hang"; Value = "MH004568"; VariantName = "[No Variations]"
Add component (AddParameter): Name = "So_Chan"; Value = "2"; VariantName = "[No Variations]"
Add component (AddParameter): Name = "Ten_Linh_Kien"; Value = "T? 0603 104-100nF 10% 50V"; VariantName = "[No Variations]"
Added Component: Designator=C4(tu 0603)
Add component (AddParameter): Name = "Chung_Loai"; Value = "Dán"; VariantName = "[No Variations]"
Add component (AddParameter): Name = "Don_Vi"; Value = "Con"; VariantName = "[No Variations]"
Add component (AddParameter): Name = "Kieu_Chan"; Value = ""; VariantName = "[No Variations]"
Add component (AddParameter): Name = "Ma_Hang"; Value = "MH004568"; VariantName = "[No Variations]"
Add component (AddParameter): Name = "So_Chan"; Value = "2"; VariantName = "[No Variations]"
Add component (AddParameter): Name = "Ten_Linh_Kien"; Value = "T? 0603 104-100nF 10% 50V"; VariantName = "[No Variations]"
Added Component: Designator=C5(tu 0603)
Add component (AddParameter): Name = "Chung_Loai"; Value = "Dán"; VariantName = "[No Variations]"
Add component (AddParameter): Name = "Don_Vi"; Value = "Con"; VariantName = "[No Variations]"
Add component (AddParameter): Name = "Kieu_Chan"; Value = ""; VariantName = "[No Variations]"
Add component (AddParameter): Name = "Ma_Hang"; Value = "MH004568"; VariantName = "[No Variations]"
Add component (AddParameter): Name = "So_Chan"; Value = "2"; VariantName = "[No Variations]"
Add component (AddParameter): Name = "Ten_Linh_Kien"; Value = "T? 0603 104-100nF 10% 50V"; VariantName = "[No Variations]"
Added Component: Designator=C6(tu 0603)
Add component (AddParameter): Name = "Chung_Loai"; Value = "Dán"; VariantName = "[No Variations]"
Add component (AddParameter): Name = "Don_Vi"; Value = "Con"; VariantName = "[No Variations]"
Add component (AddParameter): Name = "Kieu_Chan"; Value = ""; VariantName = "[No Variations]"
Add component (AddParameter): Name = "Ma_Hang"; Value = "MH004570"; VariantName = "[No Variations]"
Add component (AddParameter): Name = "So_Chan"; Value = "2"; VariantName = "[No Variations]"
Add component (AddParameter): Name = "Ten_Linh_Kien"; Value = "T? 0603 22pF 50V 10%"; VariantName = "[No Variations]"
Added Component: Designator=C7(tu 0603)
Add component (AddParameter): Name = "Chung_Loai"; Value = "Dán"; VariantName = "[No Variations]"
Add component (AddParameter): Name = "Don_Vi"; Value = "Con"; VariantName = "[No Variations]"
Add component (AddParameter): Name = "Kieu_Chan"; Value = ""; VariantName = "[No Variations]"
Add component (AddParameter): Name = "Ma_Hang"; Value = "MH004570"; VariantName = "[No Variations]"
Add component (AddParameter): Name = "So_Chan"; Value = "2"; VariantName = "[No Variations]"
Add component (AddParameter): Name = "Ten_Linh_Kien"; Value = "T? 0603 22pF 50V 10%"; VariantName = "[No Variations]"
Added Component: Designator=C8(tu tantalum smd3216)
Add component (AddParameter): Name = "Chung_Loai"; Value = "Dán"; VariantName = "[No Variations]"
Add component (AddParameter): Name = "Don_Vi"; Value = "Con"; VariantName = "[No Variations]"
Add component (AddParameter): Name = "Kieu_Chan"; Value = ""; VariantName = "[No Variations]"
Add component (AddParameter): Name = "Ma_Hang"; Value = "MH001954"; VariantName = "[No Variations]"
Add component (AddParameter): Name = "So_Chan"; Value = "2"; VariantName = "[No Variations]"
Add component (AddParameter): Name = "Ten_Linh_Kien"; Value = "T? tantalum 106C-10uF 16V SMD3216"; VariantName = "[No Variations]"
Added Component: Designator=C9(tu 0603)
Add component (AddParameter): Name = "Chung_Loai"; Value = "Dán"; VariantName = "[No Variations]"
Add component (AddParameter): Name = "Don_Vi"; Value = "Con"; VariantName = "[No Variations]"
Add component (AddParameter): Name = "Kieu_Chan"; Value = ""; VariantName = "[No Variations]"
Add component (AddParameter): Name = "Ma_Hang"; Value = "MH004568"; VariantName = "[No Variations]"
Add component (AddParameter): Name = "So_Chan"; Value = "2"; VariantName = "[No Variations]"
Add component (AddParameter): Name = "Ten_Linh_Kien"; Value = "T? 0603 104-100nF 10% 50V"; VariantName = "[No Variations]"
Added Component: Designator=C10(tu tantalum smd3216)
Add component (AddParameter): Name = "Chung_Loai"; Value = "Dán"; VariantName = "[No Variations]"
Add component (AddParameter): Name = "Don_Vi"; Value = "Con"; VariantName = "[No Variations]"
Add component (AddParameter): Name = "Kieu_Chan"; Value = ""; VariantName = "[No Variations]"
Add component (AddParameter): Name = "Ma_Hang"; Value = "MH007472"; VariantName = "[No Variations]"
Add component (AddParameter): Name = "So_Chan"; Value = "2"; VariantName = "[No Variations]"
Add component (AddParameter): Name = "Ten_Linh_Kien"; Value = "T? tantalum 105E-1uF 25V SMD3216"; VariantName = "[No Variations]"
Added Component: Designator=C11(tu 0603)
Add component (AddParameter): Name = "Chung_Loai"; Value = "Dán"; VariantName = "[No Variations]"
Add component (AddParameter): Name = "Don_Vi"; Value = "Con"; VariantName = "[No Variations]"
Add component (AddParameter): Name = "Kieu_Chan"; Value = ""; VariantName = "[No Variations]"
Add component (AddParameter): Name = "Ma_Hang"; Value = "MH004568"; VariantName = "[No Variations]"
Add component (AddParameter): Name = "So_Chan"; Value = "2"; VariantName = "[No Variations]"
Add component (AddParameter): Name = "Ten_Linh_Kien"; Value = "T? 0603 104-100nF 10% 50V"; VariantName = "[No Variations]"
Added Component: Designator=C12(tu tantalum smd3216)
Add component (AddParameter): Name = "Chung_Loai"; Value = "Dán"; VariantName = "[No Variations]"
Add component (AddParameter): Name = "Don_Vi"; Value = "Con"; VariantName = "[No Variations]"
Add component (AddParameter): Name = "Kieu_Chan"; Value = ""; VariantName = "[No Variations]"
Add component (AddParameter): Name = "Ma_Hang"; Value = "MH001954"; VariantName = "[No Variations]"
Add component (AddParameter): Name = "So_Chan"; Value = "2"; VariantName = "[No Variations]"
Add component (AddParameter): Name = "Ten_Linh_Kien"; Value = "T? tantalum 106C-10uF 16V SMD3216"; VariantName = "[No Variations]"
Added Component: Designator=C13(tu 0603)
Add component (AddParameter): Name = "Chung_Loai"; Value = "Dán"; VariantName = "[No Variations]"
Add component (AddParameter): Name = "Don_Vi"; Value = "Con"; VariantName = "[No Variations]"
Add component (AddParameter): Name = "Kieu_Chan"; Value = ""; VariantName = "[No Variations]"
Add component (AddParameter): Name = "Ma_Hang"; Value = "MH004568"; VariantName = "[No Variations]"
Add component (AddParameter): Name = "So_Chan"; Value = "2"; VariantName = "[No Variations]"
Add component (AddParameter): Name = "Ten_Linh_Kien"; Value = "T? 0603 104-100nF 10% 50V"; VariantName = "[No Variations]"
Added Component: Designator=C14(tu 0603)
Add component (AddParameter): Name = "Chung_Loai"; Value = "Dán"; VariantName = "[No Variations]"
Add component (AddParameter): Name = "Don_Vi"; Value = "Con"; VariantName = "[No Variations]"
Add component (AddParameter): Name = "Kieu_Chan"; Value = ""; VariantName = "[No Variations]"
Add component (AddParameter): Name = "Ma_Hang"; Value = "MH004568"; VariantName = "[No Variations]"
Add component (AddParameter): Name = "So_Chan"; Value = "2"; VariantName = "[No Variations]"
Add component (AddParameter): Name = "Ten_Linh_Kien"; Value = "T? 0603 104-100nF 10% 50V"; VariantName = "[No Variations]"
Added Component: Designator=C15(tu 0603)
Add component (AddParameter): Name = "Chung_Loai"; Value = "Dán"; VariantName = "[No Variations]"
Add component (AddParameter): Name = "Don_Vi"; Value = "Con"; VariantName = "[No Variations]"
Add component (AddParameter): Name = "Kieu_Chan"; Value = ""; VariantName = "[No Variations]"
Add component (AddParameter): Name = "Ma_Hang"; Value = "MH004568"; VariantName = "[No Variations]"
Add component (AddParameter): Name = "So_Chan"; Value = "2"; VariantName = "[No Variations]"
Add component (AddParameter): Name = "Ten_Linh_Kien"; Value = "T? 0603 104-100nF 10% 50V"; VariantName = "[No Variations]"
Added Component: Designator=C16(tu 0603)
Add component (AddParameter): Name = "Chung_Loai"; Value = "Dán"; VariantName = "[No Variations]"
Add component (AddParameter): Name = "Don_Vi"; Value = "Con"; VariantName = "[No Variations]"
Add component (AddParameter): Name = "Kieu_Chan"; Value = ""; VariantName = "[No Variations]"
Add component (AddParameter): Name = "Ma_Hang"; Value = "MH004568"; VariantName = "[No Variations]"
Add component (AddParameter): Name = "So_Chan"; Value = "2"; VariantName = "[No Variations]"
Add component (AddParameter): Name = "Ten_Linh_Kien"; Value = "T? 0603 104-100nF 10% 50V"; VariantName = "[No Variations]"
Added Component: Designator=C17(tu 0603)
Add component (AddParameter): Name = "Chung_Loai"; Value = "Dán"; VariantName = "[No Variations]"
Add component (AddParameter): Name = "Don_Vi"; Value = "Con"; VariantName = "[No Variations]"
Add component (AddParameter): Name = "Kieu_Chan"; Value = ""; VariantName = "[No Variations]"
Add component (AddParameter): Name = "Ma_Hang"; Value = "MH004568"; VariantName = "[No Variations]"
Add component (AddParameter): Name = "So_Chan"; Value = "2"; VariantName = "[No Variations]"
Add component (AddParameter): Name = "Ten_Linh_Kien"; Value = "T? 0603 104-100nF 10% 50V"; VariantName = "[No Variations]"
Added Component: Designator=D1(DIODE SMA)
Add component (AddParameter): Name = "Chung_Loai"; Value = "Dán"; VariantName = "[No Variations]"
Add component (AddParameter): Name = "Don_Vi"; Value = "Con"; VariantName = "[No Variations]"
Add component (AddParameter): Name = "Ghi_Chu"; Value = ""; VariantName = "[No Variations]"
Add component (AddParameter): Name = "Kieu_Chan"; Value = ""; VariantName = "[No Variations]"
Add component (AddParameter): Name = "Ma_Hang"; Value = "MH002211"; VariantName = "[No Variations]"
Add component (AddParameter): Name = "Ten_Linh_Kien"; Value = "Diode SS14 DO214 Schottky 1A 40V ( 1N5819 DO214)"; VariantName = "[No Variations]"
Added Component: Designator=D2(DIODE SMA)
Add component (AddParameter): Name = "Chung_Loai"; Value = "Dán"; VariantName = "[No Variations]"
Add component (AddParameter): Name = "Don_Vi"; Value = "Con"; VariantName = "[No Variations]"
Add component (AddParameter): Name = "Ghi_Chu"; Value = ""; VariantName = "[No Variations]"
Add component (AddParameter): Name = "Kieu_Chan"; Value = ""; VariantName = "[No Variations]"
Add component (AddParameter): Name = "Ma_Hang"; Value = "MH002211"; VariantName = "[No Variations]"
Add component (AddParameter): Name = "Ten_Linh_Kien"; Value = "Diode SS14 DO214 Schottky 1A 40V ( 1N5819 DO214)"; VariantName = "[No Variations]"
Added Component: Designator=DC?(JACK DC 5.5)
Add component (AddParameter): Name = "Value"; Value = "Jac DC"; VariantName = "[No Variations]"
Added Component: Designator=DHT11(JP 1x4 CT)
Add component (AddParameter): Name = "Chung_Loai"; Value = "C?m"; VariantName = "[No Variations]"
Add component (AddParameter): Name = "Don_Vi"; Value = "Con"; VariantName = "[No Variations]"
Add component (AddParameter): Name = "Ghi_Chu"; Value = ""; VariantName = "[No Variations]"
Add component (AddParameter): Name = "Kieu_Chan"; Value = ""; VariantName = "[No Variations]"
Add component (AddParameter): Name = "Ma_Hang"; Value = "MH004006"; VariantName = "[No Variations]"
Add component (AddParameter): Name = "Ten_Linh_Kien"; Value = "Jump Ðon Cái 2.54MM 1x20P Th?ng"; VariantName = "[No Variations]"
Added Component: Designator=DS(SOIC 16)
Added Component: Designator=ESP8266(ESP2866 Module)
Added Component: Designator=IR18T38(JP 1x3 CT)
Add component (AddParameter): Name = "Chung_Loai"; Value = "C?m"; VariantName = "[No Variations]"
Add component (AddParameter): Name = "Don_Vi"; Value = "Con"; VariantName = "[No Variations]"
Add component (AddParameter): Name = "Ghi_Chu"; Value = ""; VariantName = "[No Variations]"
Add component (AddParameter): Name = "Kieu_Chan"; Value = ""; VariantName = "[No Variations]"
Add component (AddParameter): Name = "Ma_Hang"; Value = "MH004006"; VariantName = "[No Variations]"
Add component (AddParameter): Name = "Ten_Linh_Kien"; Value = "Jump Ðon Cái 2.54MM 1x20P Th?ng"; VariantName = "[No Variations]"
Added Component: Designator=J1(JP 1x4 CT)
Add component (AddParameter): Name = "Chung_Loai"; Value = "C?m"; VariantName = "[No Variations]"
Add component (AddParameter): Name = "Don_Vi"; Value = "Con"; VariantName = "[No Variations]"
Add component (AddParameter): Name = "Ghi_Chu"; Value = ""; VariantName = "[No Variations]"
Add component (AddParameter): Name = "Kieu_Chan"; Value = ""; VariantName = "[No Variations]"
Add component (AddParameter): Name = "Ma_Hang"; Value = "MH004006"; VariantName = "[No Variations]"
Add component (AddParameter): Name = "Ten_Linh_Kien"; Value = "Jump Ðon Cái 2.54MM 1x20P Th?ng"; VariantName = "[No Variations]"
Added Component: Designator=LED1(LED7SEG_2.3inch)
Add component (AddParameter): Name = "Chung_Loai"; Value = "Dán"; VariantName = "[No Variations]"
Add component (AddParameter): Name = "Don_Vi"; Value = "Con"; VariantName = "[No Variations]"
Add component (AddParameter): Name = "Ghi_Chu"; Value = ""; VariantName = "[No Variations]"
Add component (AddParameter): Name = "Kieu_Chan"; Value = ""; VariantName = "[No Variations]"
Add component (AddParameter): Name = "Ma_Hang"; Value = "MH000901"; VariantName = "[No Variations]"
Add component (AddParameter): Name = "Ten_Linh_Kien"; Value = "Led 7 2.3 1 S? Anot (Sáng Ð?)"; VariantName = "[No Variations]"
Added Component: Designator=LED2(LED7SEG_2.3inch)
Add component (AddParameter): Name = "Chung_Loai"; Value = "Dán"; VariantName = "[No Variations]"
Add component (AddParameter): Name = "Don_Vi"; Value = "Con"; VariantName = "[No Variations]"
Add component (AddParameter): Name = "Ghi_Chu"; Value = ""; VariantName = "[No Variations]"
Add component (AddParameter): Name = "Kieu_Chan"; Value = ""; VariantName = "[No Variations]"
Add component (AddParameter): Name = "Ma_Hang"; Value = "MH000901"; VariantName = "[No Variations]"
Add component (AddParameter): Name = "Ten_Linh_Kien"; Value = "Led 7 2.3 1 S? Anot (Sáng Ð?)"; VariantName = "[No Variations]"
Added Component: Designator=LED3(LED7SEG_2.3inch)
Add component (AddParameter): Name = "Chung_Loai"; Value = "Dán"; VariantName = "[No Variations]"
Add component (AddParameter): Name = "Don_Vi"; Value = "Con"; VariantName = "[No Variations]"
Add component (AddParameter): Name = "Ghi_Chu"; Value = ""; VariantName = "[No Variations]"
Add component (AddParameter): Name = "Kieu_Chan"; Value = ""; VariantName = "[No Variations]"
Add component (AddParameter): Name = "Ma_Hang"; Value = "MH000901"; VariantName = "[No Variations]"
Add component (AddParameter): Name = "Ten_Linh_Kien"; Value = "Led 7 2.3 1 S? Anot (Sáng Ð?)"; VariantName = "[No Variations]"
Added Component: Designator=LLED4(LED7SEG_2.3inch)
Add component (AddParameter): Name = "Chung_Loai"; Value = "Dán"; VariantName = "[No Variations]"
Add component (AddParameter): Name = "Don_Vi"; Value = "Con"; VariantName = "[No Variations]"
Add component (AddParameter): Name = "Ghi_Chu"; Value = ""; VariantName = "[No Variations]"
Add component (AddParameter): Name = "Kieu_Chan"; Value = ""; VariantName = "[No Variations]"
Add component (AddParameter): Name = "Ma_Hang"; Value = "MH000901"; VariantName = "[No Variations]"
Add component (AddParameter): Name = "Ten_Linh_Kien"; Value = "Led 7 2.3 1 S? Anot (Sáng Ð?)"; VariantName = "[No Variations]"
Added Component: Designator=LOA(VH3.96M-2)
Add component (AddParameter): Name = "Chung_Loai"; Value = "C?m"; VariantName = "[No Variations]"
Add component (AddParameter): Name = "Don_Vi"; Value = "Con"; VariantName = "[No Variations]"
Add component (AddParameter): Name = "Ghi_Chu"; Value = ""; VariantName = "[No Variations]"
Add component (AddParameter): Name = "Kieu_Chan"; Value = ""; VariantName = "[No Variations]"
Add component (AddParameter): Name = "Ma_Hang"; Value = "MH001283"; VariantName = "[No Variations]"
Add component (AddParameter): Name = "Ten_Linh_Kien"; Value = "Header 2P XH2.54-2P Ð?c Th?ng"; VariantName = "[No Variations]"
Added Component: Designator=LR1(LED-0805-Red)
Add component (AddParameter): Name = "Chung_Loai"; Value = "Dán"; VariantName = "[No Variations]"
Add component (AddParameter): Name = "Don_Vi"; Value = "Con"; VariantName = "[No Variations]"
Add component (AddParameter): Name = "Ghi_Chu"; Value = ""; VariantName = "[No Variations]"
Add component (AddParameter): Name = "Kieu_Chan"; Value = ""; VariantName = "[No Variations]"
Add component (AddParameter): Name = "Ma_Hang"; Value = "MH000897"; VariantName = "[No Variations]"
Add component (AddParameter): Name = "Ten_Linh_Kien"; Value = "LED 0805 Màu Ð? (Red)"; VariantName = "[No Variations]"
Added Component: Designator=LY2(LED-0805-Yellow)
Add component (AddParameter): Name = "Chung_Loai"; Value = "Dán"; VariantName = "[No Variations]"
Add component (AddParameter): Name = "Don_Vi"; Value = "Con"; VariantName = "[No Variations]"
Add component (AddParameter): Name = "Ghi_Chu"; Value = ""; VariantName = "[No Variations]"
Add component (AddParameter): Name = "Kieu_Chan"; Value = ""; VariantName = "[No Variations]"
Add component (AddParameter): Name = "Ma_Hang"; Value = "MH002329"; VariantName = "[No Variations]"
Add component (AddParameter): Name = "Ten_Linh_Kien"; Value = "LED 0805 Màu Vàng ( Yellow)"; VariantName = "[No Variations]"
Added Component: Designator=Q1(SOT23)
Add component (AddParameter): Name = "Value"; Value = "C9014"; VariantName = "[No Variations]"
Added Component: Designator=Q2(SOT23)
Add component (AddParameter): Name = "Value"; Value = "C9014"; VariantName = "[No Variations]"
Added Component: Designator=Q3(SOT23)
Add component (AddParameter): Name = "Value"; Value = "C9014"; VariantName = "[No Variations]"
Added Component: Designator=Q4(SOT23)
Add component (AddParameter): Name = "Value"; Value = "C9014"; VariantName = "[No Variations]"
Added Component: Designator=Q5(SOT23)
Add component (AddParameter): Name = "Value"; Value = "C9014"; VariantName = "[No Variations]"
Added Component: Designator=Q6(SOT23)
Add component (AddParameter): Name = "Value"; Value = "C9014"; VariantName = "[No Variations]"
Added Component: Designator=R0(tro smd 0603)
Add component (AddParameter): Name = "Chung_Loai"; Value = "Dán"; VariantName = "[No Variations]"
Add component (AddParameter): Name = "Don_Vi"; Value = "Con"; VariantName = "[No Variations]"
Add component (AddParameter): Name = "Kieu_Chan"; Value = ""; VariantName = "[No Variations]"
Add component (AddParameter): Name = "Ma_Hang"; Value = "MH006333"; VariantName = "[No Variations]"
Add component (AddParameter): Name = "So_Chan"; Value = "2"; VariantName = "[No Variations]"
Add component (AddParameter): Name = "Ten_Linh_Kien"; Value = "Tr? 0603 1% 10k"; VariantName = "[No Variations]"
Added Component: Designator=R5(tro smd 0603)
Add component (AddParameter): Name = "Chung_Loai"; Value = "Dán"; VariantName = "[No Variations]"
Add component (AddParameter): Name = "Don_Vi"; Value = "Con"; VariantName = "[No Variations]"
Add component (AddParameter): Name = "Kieu_Chan"; Value = ""; VariantName = "[No Variations]"
Add component (AddParameter): Name = "Ma_Hang"; Value = "MH006315"; VariantName = "[No Variations]"
Add component (AddParameter): Name = "So_Chan"; Value = "2"; VariantName = "[No Variations]"
Add component (AddParameter): Name = "Ten_Linh_Kien"; Value = "Tr? 0603 5% 100R"; VariantName = "[No Variations]"
Added Component: Designator=R6(tro smd 0603)
Add component (AddParameter): Name = "Chung_Loai"; Value = "Dán"; VariantName = "[No Variations]"
Add component (AddParameter): Name = "Don_Vi"; Value = "Con"; VariantName = "[No Variations]"
Add component (AddParameter): Name = "Kieu_Chan"; Value = ""; VariantName = "[No Variations]"
Add component (AddParameter): Name = "Ma_Hang"; Value = "MH006315"; VariantName = "[No Variations]"
Add component (AddParameter): Name = "So_Chan"; Value = "2"; VariantName = "[No Variations]"
Add component (AddParameter): Name = "Ten_Linh_Kien"; Value = "Tr? 0603 5% 100R"; VariantName = "[No Variations]"
Added Component: Designator=R7(tro smd 0603)
Add component (AddParameter): Name = "Chung_Loai"; Value = "Dán"; VariantName = "[No Variations]"
Add component (AddParameter): Name = "Don_Vi"; Value = "Con"; VariantName = "[No Variations]"
Add component (AddParameter): Name = "Kieu_Chan"; Value = ""; VariantName = "[No Variations]"
Add component (AddParameter): Name = "Ma_Hang"; Value = "MH006315"; VariantName = "[No Variations]"
Add component (AddParameter): Name = "So_Chan"; Value = "2"; VariantName = "[No Variations]"
Add component (AddParameter): Name = "Ten_Linh_Kien"; Value = "Tr? 0603 5% 100R"; VariantName = "[No Variations]"
Added Component: Designator=R8(tro smd 0603)
Add component (AddParameter): Name = "Chung_Loai"; Value = "Dán"; VariantName = "[No Variations]"
Add component (AddParameter): Name = "Don_Vi"; Value = "Con"; VariantName = "[No Variations]"
Add component (AddParameter): Name = "Kieu_Chan"; Value = ""; VariantName = "[No Variations]"
Add component (AddParameter): Name = "Ma_Hang"; Value = "MH006315"; VariantName = "[No Variations]"
Add component (AddParameter): Name = "So_Chan"; Value = "2"; VariantName = "[No Variations]"
Add component (AddParameter): Name = "Ten_Linh_Kien"; Value = "Tr? 0603 5% 100R"; VariantName = "[No Variations]"
Added Component: Designator=R9(tro smd 0603)
Add component (AddParameter): Name = "Chung_Loai"; Value = "Dán"; VariantName = "[No Variations]"
Add component (AddParameter): Name = "Don_Vi"; Value = "Con"; VariantName = "[No Variations]"
Add component (AddParameter): Name = "Kieu_Chan"; Value = ""; VariantName = "[No Variations]"
Add component (AddParameter): Name = "Ma_Hang"; Value = "MH006316"; VariantName = "[No Variations]"
Add component (AddParameter): Name = "So_Chan"; Value = "2"; VariantName = "[No Variations]"
Add component (AddParameter): Name = "Ten_Linh_Kien"; Value = "Tr? 0603 5% 10k"; VariantName = "[No Variations]"
Added Component: Designator=R10(tro smd 0603)
Add component (AddParameter): Name = "Chung_Loai"; Value = "Dán"; VariantName = "[No Variations]"
Add component (AddParameter): Name = "Don_Vi"; Value = "Con"; VariantName = "[No Variations]"
Add component (AddParameter): Name = "Kieu_Chan"; Value = ""; VariantName = "[No Variations]"
Add component (AddParameter): Name = "Ma_Hang"; Value = "MH006316"; VariantName = "[No Variations]"
Add component (AddParameter): Name = "So_Chan"; Value = "2"; VariantName = "[No Variations]"
Add component (AddParameter): Name = "Ten_Linh_Kien"; Value = "Tr? 0603 5% 10k"; VariantName = "[No Variations]"
Added Component: Designator=R11(tro smd 0603)
Add component (AddParameter): Name = "Chung_Loai"; Value = "Dán"; VariantName = "[No Variations]"
Add component (AddParameter): Name = "Don_Vi"; Value = "Con"; VariantName = "[No Variations]"
Add component (AddParameter): Name = "Kieu_Chan"; Value = ""; VariantName = "[No Variations]"
Add component (AddParameter): Name = "Ma_Hang"; Value = "MH006315"; VariantName = "[No Variations]"
Add component (AddParameter): Name = "So_Chan"; Value = "2"; VariantName = "[No Variations]"
Add component (AddParameter): Name = "Ten_Linh_Kien"; Value = "Tr? 0603 5% 100R"; VariantName = "[No Variations]"
Added Component: Designator=R12(tro smd 0603)
Add component (AddParameter): Name = "Chung_Loai"; Value = "Dán"; VariantName = "[No Variations]"
Add component (AddParameter): Name = "Don_Vi"; Value = "Con"; VariantName = "[No Variations]"
Add component (AddParameter): Name = "Kieu_Chan"; Value = ""; VariantName = "[No Variations]"
Add component (AddParameter): Name = "Ma_Hang"; Value = "MH006327"; VariantName = "[No Variations]"
Add component (AddParameter): Name = "So_Chan"; Value = "2"; VariantName = "[No Variations]"
Add component (AddParameter): Name = "Ten_Linh_Kien"; Value = "Tr? 0603 5% 4.7k"; VariantName = "[No Variations]"
Added Component: Designator=R13(tro smd 0603)
Add component (AddParameter): Name = "Chung_Loai"; Value = "Dán"; VariantName = "[No Variations]"
Add component (AddParameter): Name = "Don_Vi"; Value = "Con"; VariantName = "[No Variations]"
Add component (AddParameter): Name = "Kieu_Chan"; Value = ""; VariantName = "[No Variations]"
Add component (AddParameter): Name = "Ma_Hang"; Value = "MH006327"; VariantName = "[No Variations]"
Add component (AddParameter): Name = "So_Chan"; Value = "2"; VariantName = "[No Variations]"
Add component (AddParameter): Name = "Ten_Linh_Kien"; Value = "Tr? 0603 5% 4.7k"; VariantName = "[No Variations]"
Added Component: Designator=R14(tro smd 0603)
Add component (AddParameter): Name = "Chung_Loai"; Value = "Dán"; VariantName = "[No Variations]"
Add component (AddParameter): Name = "Don_Vi"; Value = "Con"; VariantName = "[No Variations]"
Add component (AddParameter): Name = "Kieu_Chan"; Value = ""; VariantName = "[No Variations]"
Add component (AddParameter): Name = "Ma_Hang"; Value = "MH006315"; VariantName = "[No Variations]"
Add component (AddParameter): Name = "So_Chan"; Value = "2"; VariantName = "[No Variations]"
Add component (AddParameter): Name = "Ten_Linh_Kien"; Value = "Tr? 0603 5% 100R"; VariantName = "[No Variations]"
Added Component: Designator=R20(tro smd 0603)
Add component (AddParameter): Name = "Chung_Loai"; Value = "Dán"; VariantName = "[No Variations]"
Add component (AddParameter): Name = "Don_Vi"; Value = "Con"; VariantName = "[No Variations]"
Add component (AddParameter): Name = "Kieu_Chan"; Value = ""; VariantName = "[No Variations]"
Add component (AddParameter): Name = "Ma_Hang"; Value = "MH006333"; VariantName = "[No Variations]"
Add component (AddParameter): Name = "So_Chan"; Value = "2"; VariantName = "[No Variations]"
Add component (AddParameter): Name = "Ten_Linh_Kien"; Value = "Tr? 0603 1% 10k"; VariantName = "[No Variations]"
Added Component: Designator=R21(tro smd 0603)
Add component (AddParameter): Name = "Chung_Loai"; Value = "Dán"; VariantName = "[No Variations]"
Add component (AddParameter): Name = "Don_Vi"; Value = "Con"; VariantName = "[No Variations]"
Add component (AddParameter): Name = "Kieu_Chan"; Value = ""; VariantName = "[No Variations]"
Add component (AddParameter): Name = "Ma_Hang"; Value = "MH006333"; VariantName = "[No Variations]"
Add component (AddParameter): Name = "So_Chan"; Value = "2"; VariantName = "[No Variations]"
Add component (AddParameter): Name = "Ten_Linh_Kien"; Value = "Tr? 0603 1% 10k"; VariantName = "[No Variations]"
Added Component: Designator=R22(tro smd 0603)
Add component (AddParameter): Name = "Chung_Loai"; Value = "Dán"; VariantName = "[No Variations]"
Add component (AddParameter): Name = "Don_Vi"; Value = "Con"; VariantName = "[No Variations]"
Add component (AddParameter): Name = "Kieu_Chan"; Value = ""; VariantName = "[No Variations]"
Add component (AddParameter): Name = "Ma_Hang"; Value = "MH006333"; VariantName = "[No Variations]"
Add component (AddParameter): Name = "So_Chan"; Value = "2"; VariantName = "[No Variations]"
Add component (AddParameter): Name = "Ten_Linh_Kien"; Value = "Tr? 0603 1% 10k"; VariantName = "[No Variations]"
Added Component: Designator=R23(tro smd 0603)
Add component (AddParameter): Name = "Chung_Loai"; Value = "Dán"; VariantName = "[No Variations]"
Add component (AddParameter): Name = "Don_Vi"; Value = "Con"; VariantName = "[No Variations]"
Add component (AddParameter): Name = "Kieu_Chan"; Value = ""; VariantName = "[No Variations]"
Add component (AddParameter): Name = "Ma_Hang"; Value = "MH006333"; VariantName = "[No Variations]"
Add component (AddParameter): Name = "So_Chan"; Value = "2"; VariantName = "[No Variations]"
Add component (AddParameter): Name = "Ten_Linh_Kien"; Value = "Tr? 0603 1% 10k"; VariantName = "[No Variations]"
Added Component: Designator=R24(tro smd 0603)
Add component (AddParameter): Name = "Chung_Loai"; Value = "Dán"; VariantName = "[No Variations]"
Add component (AddParameter): Name = "Don_Vi"; Value = "Con"; VariantName = "[No Variations]"
Add component (AddParameter): Name = "Kieu_Chan"; Value = ""; VariantName = "[No Variations]"
Add component (AddParameter): Name = "Ma_Hang"; Value = "MH006333"; VariantName = "[No Variations]"
Add component (AddParameter): Name = "So_Chan"; Value = "2"; VariantName = "[No Variations]"
Add component (AddParameter): Name = "Ten_Linh_Kien"; Value = "Tr? 0603 1% 10k"; VariantName = "[No Variations]"
Added Component: Designator=R25(tro smd 0603)
Add component (AddParameter): Name = "Chung_Loai"; Value = "Dán"; VariantName = "[No Variations]"
Add component (AddParameter): Name = "Don_Vi"; Value = "Con"; VariantName = "[No Variations]"
Add component (AddParameter): Name = "Kieu_Chan"; Value = ""; VariantName = "[No Variations]"
Add component (AddParameter): Name = "Ma_Hang"; Value = "MH006333"; VariantName = "[No Variations]"
Add component (AddParameter): Name = "So_Chan"; Value = "2"; VariantName = "[No Variations]"
Add component (AddParameter): Name = "Ten_Linh_Kien"; Value = "Tr? 0603 1% 10k"; VariantName = "[No Variations]"
Added Component: Designator=R26(tro smd 0603)
Add component (AddParameter): Name = "Chung_Loai"; Value = "Dán"; VariantName = "[No Variations]"
Add component (AddParameter): Name = "Don_Vi"; Value = "Con"; VariantName = "[No Variations]"
Add component (AddParameter): Name = "Kieu_Chan"; Value = ""; VariantName = "[No Variations]"
Add component (AddParameter): Name = "Ma_Hang"; Value = "MH006333"; VariantName = "[No Variations]"
Add component (AddParameter): Name = "So_Chan"; Value = "2"; VariantName = "[No Variations]"
Add component (AddParameter): Name = "Ten_Linh_Kien"; Value = "Tr? 0603 1% 10k"; VariantName = "[No Variations]"
Added Component: Designator=R27(tro smd 0603)
Add component (AddParameter): Name = "Chung_Loai"; Value = "Dán"; VariantName = "[No Variations]"
Add component (AddParameter): Name = "Don_Vi"; Value = "Con"; VariantName = "[No Variations]"
Add component (AddParameter): Name = "Kieu_Chan"; Value = ""; VariantName = "[No Variations]"
Add component (AddParameter): Name = "Ma_Hang"; Value = "MH006333"; VariantName = "[No Variations]"
Add component (AddParameter): Name = "So_Chan"; Value = "2"; VariantName = "[No Variations]"
Add component (AddParameter): Name = "Ten_Linh_Kien"; Value = "Tr? 0603 1% 10k"; VariantName = "[No Variations]"
Added Component: Designator=R100(tro smd 0603)
Add component (AddParameter): Name = "Chung_Loai"; Value = "Dán"; VariantName = "[No Variations]"
Add component (AddParameter): Name = "Don_Vi"; Value = "Con"; VariantName = "[No Variations]"
Add component (AddParameter): Name = "Kieu_Chan"; Value = ""; VariantName = "[No Variations]"
Add component (AddParameter): Name = "Ma_Hang"; Value = "MH006327"; VariantName = "[No Variations]"
Add component (AddParameter): Name = "So_Chan"; Value = "2"; VariantName = "[No Variations]"
Add component (AddParameter): Name = "Ten_Linh_Kien"; Value = "Tr? 0603 5% 4.7k"; VariantName = "[No Variations]"
Added Component: Designator=R103(tro smd 0603)
Add component (AddParameter): Name = "Chung_Loai"; Value = "Dán"; VariantName = "[No Variations]"
Add component (AddParameter): Name = "Don_Vi"; Value = "Con"; VariantName = "[No Variations]"
Add component (AddParameter): Name = "Kieu_Chan"; Value = ""; VariantName = "[No Variations]"
Add component (AddParameter): Name = "Ma_Hang"; Value = "MH006327"; VariantName = "[No Variations]"
Add component (AddParameter): Name = "So_Chan"; Value = "2"; VariantName = "[No Variations]"
Add component (AddParameter): Name = "Ten_Linh_Kien"; Value = "Tr? 0603 5% 4.7k"; VariantName = "[No Variations]"
Added Component: Designator=R104(tro smd 0603)
Add component (AddParameter): Name = "Chung_Loai"; Value = "Dán"; VariantName = "[No Variations]"
Add component (AddParameter): Name = "Don_Vi"; Value = "Con"; VariantName = "[No Variations]"
Add component (AddParameter): Name = "Kieu_Chan"; Value = ""; VariantName = "[No Variations]"
Add component (AddParameter): Name = "Ma_Hang"; Value = "MH006327"; VariantName = "[No Variations]"
Add component (AddParameter): Name = "So_Chan"; Value = "2"; VariantName = "[No Variations]"
Add component (AddParameter): Name = "Ten_Linh_Kien"; Value = "Tr? 0603 5% 4.7k"; VariantName = "[No Variations]"
Added Component: Designator=RELAY(Relay 5 Chan SRD)
Add component (AddParameter): Name = "Ma_Hang"; Value = "MH009374"; VariantName = "[No Variations]"
Add component (AddParameter): Name = "Ten"; Value = "Relay 5V10A SRD-05VDC-SL-C Chính Hãng"; VariantName = "[No Variations]"
Added Component: Designator=SOURE?(DE PIN CR1220)
Add component (AddParameter): Name = "Ma_Hang"; Value = "MH000833"; VariantName = "[No Variations]"
Add component (AddParameter): Name = "Ten"; Value = "Ð? PIN CR1220 SMD"; VariantName = "[No Variations]"
Added Component: Designator=U?(STM32_LQPF48)
Add component (AddParameter): Name = "ComponentLink1Description"; Value = "Manufacturer Link"; VariantName = "[No Variations]"
Add component (AddParameter): Name = "ComponentLink1URL"; Value = "www.st.com/stm32"; VariantName = "[No Variations]"
Add component (AddParameter): Name = "ComponentLink2Description"; Value = "Datasheet"; VariantName = "[No Variations]"
Add component (AddParameter): Name = "ComponentLink2URL"; Value = "http://www.st.com/stonline/products/literature/ds/13587.pdf"; VariantName = "[No Variations]"
Add component (AddParameter): Name = "DatasheetVersion"; Value = "rev6, Mar-2008"; VariantName = "[No Variations]"
Add component (AddParameter): Name = "PackageDescription"; Value = "48-Pin Low-Profile Quad Flat Pack, 7 x 7 mm Body, 0.5 mm Pitch (LQFP48)"; VariantName = "[No Variations]"
Add component (AddParameter): Name = "PackageReference"; Value = "LQFP48"; VariantName = "[No Variations]"
Add component (AddParameter): Name = "PackageVersion"; Value = "Mar-2008"; VariantName = "[No Variations]"
Add component (AddParameter): Name = "Published"; Value = "30-May-2008"; VariantName = "[No Variations]"
Add component (AddParameter): Name = "Publisher"; Value = "Altium Limited"; VariantName = "[No Variations]"
Added Component: Designator=XT(Thach Anh 2 chan SMD)
Add component (AddParameter): Name = "Value"; Value = "4Mhz"; VariantName = "[No Variations]"
Added Pin To Net: NetName=+5V Pin=7805-3
Added Pin To Net: NetName=+5V Pin=AMS-3
Added Pin To Net: NetName=+5V Pin=C10-1
Added Pin To Net: NetName=+5V Pin=C11-1
Added Net: Name=+5V
Added Pin To Net: NetName=+12V Pin=7805-1
Added Pin To Net: NetName=+12V Pin=BUZZER?-1
Added Pin To Net: NetName=+12V Pin=C8-1
Added Pin To Net: NetName=+12V Pin=C9-1
Added Pin To Net: NetName=+12V Pin=D2-2
Added Pin To Net: NetName=+12V Pin=DC?-1
Added Pin To Net: NetName=+12V Pin=Q1-3
Added Pin To Net: NetName=+12V Pin=Q2-3
Added Pin To Net: NetName=+12V Pin=Q3-3
Added Pin To Net: NetName=+12V Pin=Q4-3
Added Pin To Net: NetName=+12V Pin=RELAY-1
Added Net: Name=+12V
Added Pin To Net: NetName=3.3V Pin=101-2
Added Pin To Net: NetName=3.3V Pin=AMS-2
Added Pin To Net: NetName=3.3V Pin=AMS-4
Added Pin To Net: NetName=3.3V Pin=C1-2
Added Pin To Net: NetName=3.3V Pin=C2-2
Added Pin To Net: NetName=3.3V Pin=C3-2
Added Pin To Net: NetName=3.3V Pin=C4-2
Added Pin To Net: NetName=3.3V Pin=C12-1
Added Pin To Net: NetName=3.3V Pin=C13-1
Added Pin To Net: NetName=3.3V Pin=DHT11-1
Added Pin To Net: NetName=3.3V Pin=DS-2
Added Pin To Net: NetName=3.3V Pin=ESP8266-5
Added Pin To Net: NetName=3.3V Pin=IR18T38-1
Added Pin To Net: NetName=3.3V Pin=J1-1
Added Pin To Net: NetName=3.3V Pin=R9-1
Added Pin To Net: NetName=3.3V Pin=R10-1
Added Pin To Net: NetName=3.3V Pin=R12-1
Added Pin To Net: NetName=3.3V Pin=R13-1
Added Pin To Net: NetName=3.3V Pin=R100-2
Added Pin To Net: NetName=3.3V Pin=R103-2
Added Pin To Net: NetName=3.3V Pin=R104-2
Added Pin To Net: NetName=3.3V Pin=U?-9
Added Pin To Net: NetName=3.3V Pin=U?-24
Added Pin To Net: NetName=3.3V Pin=U?-36
Added Pin To Net: NetName=3.3V Pin=U?-48
Added Net: Name=3.3V
Added Pin To Net: NetName=5V Pin=D1-2
Added Pin To Net: NetName=5V Pin=RELAY-5
Added Net: Name=5V
Added Pin To Net: NetName=BOOT0 Pin=R0-1
Added Pin To Net: NetName=BOOT0 Pin=U?-44
Added Net: Name=BOOT0
Added Pin To Net: NetName=GND Pin=7805-2
Added Pin To Net: NetName=GND Pin=AMS-1
Added Pin To Net: NetName=GND Pin=BT-1
Added Pin To Net: NetName=GND Pin=BT1-2
Added Pin To Net: NetName=GND Pin=BT1-2
Added Pin To Net: NetName=GND Pin=BT2-2
Added Pin To Net: NetName=GND Pin=BT2-2
Added Pin To Net: NetName=GND Pin=BT3-2
Added Pin To Net: NetName=GND Pin=BT3-2
Added Pin To Net: NetName=GND Pin=C1-1
Added Pin To Net: NetName=GND Pin=C2-1
Added Pin To Net: NetName=GND Pin=C3-1
Added Pin To Net: NetName=GND Pin=C4-1
Added Pin To Net: NetName=GND Pin=C5-2
Added Pin To Net: NetName=GND Pin=C6-2
Added Pin To Net: NetName=GND Pin=C7-2
Added Pin To Net: NetName=GND Pin=C8-2
Added Pin To Net: NetName=GND Pin=C9-2
Added Pin To Net: NetName=GND Pin=C10-2
Added Pin To Net: NetName=GND Pin=C11-2
Added Pin To Net: NetName=GND Pin=C12-2
Added Pin To Net: NetName=GND Pin=C13-2
Added Pin To Net: NetName=GND Pin=C14-1
Added Pin To Net: NetName=GND Pin=C15-1
Added Pin To Net: NetName=GND Pin=C16-1
Added Pin To Net: NetName=GND Pin=C17-2
Added Pin To Net: NetName=GND Pin=DC?-2
Added Pin To Net: NetName=GND Pin=DHT11-4
Added Pin To Net: NetName=GND Pin=DS-5
Added Pin To Net: NetName=GND Pin=DS-6
Added Pin To Net: NetName=GND Pin=DS-7
Added Pin To Net: NetName=GND Pin=DS-8
Added Pin To Net: NetName=GND Pin=DS-9
Added Pin To Net: NetName=GND Pin=DS-10
Added Pin To Net: NetName=GND Pin=DS-11
Added Pin To Net: NetName=GND Pin=DS-12
Added Pin To Net: NetName=GND Pin=DS-13
Added Pin To Net: NetName=GND Pin=ESP8266-4
Added Pin To Net: NetName=GND Pin=IR18T38-3
Added Pin To Net: NetName=GND Pin=J1-4
Added Pin To Net: NetName=GND Pin=LOA-2
Added Pin To Net: NetName=GND Pin=Q5-2
Added Pin To Net: NetName=GND Pin=Q6-2
Added Pin To Net: NetName=GND Pin=R0-2
Added Pin To Net: NetName=GND Pin=SOURE?-2
Added Pin To Net: NetName=GND Pin=U?-8
Added Pin To Net: NetName=GND Pin=U?-23
Added Pin To Net: NetName=GND Pin=U?-35
Added Pin To Net: NetName=GND Pin=U?-47
Added Net: Name=GND
Added Pin To Net: NetName=I2C1_SCL Pin=DS-16
Added Pin To Net: NetName=I2C1_SCL Pin=R103-1
Added Pin To Net: NetName=I2C1_SCL Pin=U?-42
Added Net: Name=I2C1_SCL
Added Pin To Net: NetName=I2C1_SDA Pin=DS-15
Added Pin To Net: NetName=I2C1_SDA Pin=R104-1
Added Pin To Net: NetName=I2C1_SDA Pin=U?-43
Added Net: Name=I2C1_SDA
Added Pin To Net: NetName=Net101_1 Pin=101-1
Added Pin To Net: NetName=Net101_1 Pin=LY2-1
Added Net: Name=Net101_1
Added Pin To Net: NetName=NetBT1_1 Pin=BT1-1
Added Pin To Net: NetName=NetBT1_1 Pin=BT1-1
Added Pin To Net: NetName=NetBT1_1 Pin=C14-2
Added Pin To Net: NetName=NetBT1_1 Pin=U?-10
Added Net: Name=NetBT1_1
Added Pin To Net: NetName=NetBT2_1 Pin=BT2-1
Added Pin To Net: NetName=NetBT2_1 Pin=BT2-1
Added Pin To Net: NetName=NetBT2_1 Pin=C15-2
Added Pin To Net: NetName=NetBT2_1 Pin=U?-11
Added Net: Name=NetBT2_1
Added Pin To Net: NetName=NetBT3_1 Pin=BT3-1
Added Pin To Net: NetName=NetBT3_1 Pin=BT3-1
Added Pin To Net: NetName=NetBT3_1 Pin=C16-2
Added Pin To Net: NetName=NetBT3_1 Pin=U?-12
Added Net: Name=NetBT3_1
Added Pin To Net: NetName=NetBUZZER?_2 Pin=BUZZER?-2
Added Pin To Net: NetName=NetBUZZER?_2 Pin=D2-1
Added Pin To Net: NetName=NetBUZZER?_2 Pin=Q6-3
Added Net: Name=NetBUZZER?_2
Added Pin To Net: NetName=NetC17_1 Pin=C17-1
Added Pin To Net: NetName=NetC17_1 Pin=DS-14
Added Pin To Net: NetName=NetC17_1 Pin=SOURE?-1
Added Net: Name=NetC17_1
Added Pin To Net: NetName=NetD1_1 Pin=D1-1
Added Pin To Net: NetName=NetD1_1 Pin=Q5-3
Added Pin To Net: NetName=NetD1_1 Pin=RELAY-4
Added Net: Name=NetD1_1
Added Pin To Net: NetName=NetDHT11_2 Pin=DHT11-2
Added Pin To Net: NetName=NetDHT11_2 Pin=R13-2
Added Pin To Net: NetName=NetDHT11_2 Pin=U?-32
Added Net: Name=NetDHT11_2
Added Pin To Net: NetName=NetDS_1 Pin=DS-1
Added Pin To Net: NetName=NetDS_1 Pin=LY2-2
Added Net: Name=NetDS_1
Added Pin To Net: NetName=NetDS_3 Pin=DS-3
Added Pin To Net: NetName=NetDS_3 Pin=LR1-2
Added Net: Name=NetDS_3
Added Pin To Net: NetName=NetESP8266_1 Pin=ESP8266-1
Added Pin To Net: NetName=NetESP8266_1 Pin=U?-31
Added Net: Name=NetESP8266_1
Added Pin To Net: NetName=NetESP8266_2 Pin=ESP8266-2
Added Pin To Net: NetName=NetESP8266_2 Pin=R10-2
Added Net: Name=NetESP8266_2
Added Pin To Net: NetName=NetESP8266_3 Pin=ESP8266-3
Added Pin To Net: NetName=NetESP8266_3 Pin=R9-2
Added Net: Name=NetESP8266_3
Added Pin To Net: NetName=NetESP8266_8 Pin=ESP8266-8
Added Pin To Net: NetName=NetESP8266_8 Pin=U?-30
Added Net: Name=NetESP8266_8
Added Pin To Net: NetName=NetIR18T38_2 Pin=IR18T38-2
Added Pin To Net: NetName=NetIR18T38_2 Pin=R12-2
Added Pin To Net: NetName=NetIR18T38_2 Pin=U?-33
Added Net: Name=NetIR18T38_2
Added Pin To Net: NetName=NetLED1_1 Pin=LED1-1
Added Pin To Net: NetName=NetLED1_1 Pin=LED1-5
Added Pin To Net: NetName=NetLED1_1 Pin=Q1-2
Added Net: Name=NetLED1_1
Added Pin To Net: NetName=NetLED1_2 Pin=LED1-2
Added Pin To Net: NetName=NetLED1_2 Pin=LED2-2
Added Pin To Net: NetName=NetLED1_2 Pin=LED3-2
Added Pin To Net: NetName=NetLED1_2 Pin=LLED4-2
Added Pin To Net: NetName=NetLED1_2 Pin=R24-2
Added Net: Name=NetLED1_2
Added Pin To Net: NetName=NetLED1_3 Pin=LED1-3
Added Pin To Net: NetName=NetLED1_3 Pin=LED2-3
Added Pin To Net: NetName=NetLED1_3 Pin=LED3-3
Added Pin To Net: NetName=NetLED1_3 Pin=LLED4-3
Added Pin To Net: NetName=NetLED1_3 Pin=R23-2
Added Net: Name=NetLED1_3
Added Pin To Net: NetName=NetLED1_4 Pin=LED1-4
Added Pin To Net: NetName=NetLED1_4 Pin=LED2-4
Added Pin To Net: NetName=NetLED1_4 Pin=LED3-4
Added Pin To Net: NetName=NetLED1_4 Pin=LLED4-4
Added Pin To Net: NetName=NetLED1_4 Pin=R22-2
Added Net: Name=NetLED1_4
Added Pin To Net: NetName=NetLED1_6 Pin=LED1-6
Added Pin To Net: NetName=NetLED1_6 Pin=LED2-6
Added Pin To Net: NetName=NetLED1_6 Pin=LED3-6
Added Pin To Net: NetName=NetLED1_6 Pin=LLED4-6
Added Pin To Net: NetName=NetLED1_6 Pin=R21-2
Added Net: Name=NetLED1_6
Added Pin To Net: NetName=NetLED1_7 Pin=LED1-7
Added Pin To Net: NetName=NetLED1_7 Pin=LED2-7
Added Pin To Net: NetName=NetLED1_7 Pin=LED3-7
Added Pin To Net: NetName=NetLED1_7 Pin=LLED4-7
Added Pin To Net: NetName=NetLED1_7 Pin=R20-2
Added Net: Name=NetLED1_7
Added Pin To Net: NetName=NetLED1_8 Pin=LED1-8
Added Pin To Net: NetName=NetLED1_8 Pin=LED2-8
Added Pin To Net: NetName=NetLED1_8 Pin=LED3-8
Added Pin To Net: NetName=NetLED1_8 Pin=LLED4-8
Added Pin To Net: NetName=NetLED1_8 Pin=R27-2
Added Net: Name=NetLED1_8
Added Pin To Net: NetName=NetLED1_9 Pin=LED1-9
Added Pin To Net: NetName=NetLED1_9 Pin=LED2-9
Added Pin To Net: NetName=NetLED1_9 Pin=LED3-9
Added Pin To Net: NetName=NetLED1_9 Pin=LLED4-9
Added Pin To Net: NetName=NetLED1_9 Pin=R25-2
Added Net: Name=NetLED1_9
Added Pin To Net: NetName=NetLED1_10 Pin=LED1-10
Added Pin To Net: NetName=NetLED1_10 Pin=LED2-10
Added Pin To Net: NetName=NetLED1_10 Pin=LED3-10
Added Pin To Net: NetName=NetLED1_10 Pin=LLED4-10
Added Pin To Net: NetName=NetLED1_10 Pin=R26-2
Added Net: Name=NetLED1_10
Added Pin To Net: NetName=NetLED2_1 Pin=LED2-1
Added Pin To Net: NetName=NetLED2_1 Pin=LED2-5
Added Pin To Net: NetName=NetLED2_1 Pin=Q2-2
Added Net: Name=NetLED2_1
Added Pin To Net: NetName=NetLED3_1 Pin=LED3-1
Added Pin To Net: NetName=NetLED3_1 Pin=LED3-5
Added Pin To Net: NetName=NetLED3_1 Pin=Q3-2
Added Net: Name=NetLED3_1
Added Pin To Net: NetName=NetLLED4_1 Pin=LLED4-1
Added Pin To Net: NetName=NetLLED4_1 Pin=LLED4-5
Added Pin To Net: NetName=NetLLED4_1 Pin=Q4-2
Added Net: Name=NetLLED4_1
Added Pin To Net: NetName=NetLOA_1 Pin=LOA-1
Added Pin To Net: NetName=NetLOA_1 Pin=RELAY-3
Added Net: Name=NetLOA_1
Added Pin To Net: NetName=NetLR1_1 Pin=LR1-1
Added Pin To Net: NetName=NetLR1_1 Pin=R100-1
Added Net: Name=NetLR1_1
Added Pin To Net: NetName=NetQ1_1 Pin=Q1-1
Added Pin To Net: NetName=NetQ1_1 Pin=R5-2
Added Net: Name=NetQ1_1
Added Pin To Net: NetName=NetQ2_1 Pin=Q2-1
Added Pin To Net: NetName=NetQ2_1 Pin=R6-2
Added Net: Name=NetQ2_1
Added Pin To Net: NetName=NetQ3_1 Pin=Q3-1
Added Pin To Net: NetName=NetQ3_1 Pin=R7-2
Added Net: Name=NetQ3_1
Added Pin To Net: NetName=NetQ4_1 Pin=Q4-1
Added Pin To Net: NetName=NetQ4_1 Pin=R8-2
Added Net: Name=NetQ4_1
Added Pin To Net: NetName=NetQ5_1 Pin=Q5-1
Added Pin To Net: NetName=NetQ5_1 Pin=R11-2
Added Net: Name=NetQ5_1
Added Pin To Net: NetName=NetQ6_1 Pin=Q6-1
Added Pin To Net: NetName=NetQ6_1 Pin=R14-2
Added Net: Name=NetQ6_1
Added Pin To Net: NetName=NetR5_1 Pin=R5-1
Added Pin To Net: NetName=NetR5_1 Pin=U?-28
Added Net: Name=NetR5_1
Added Pin To Net: NetName=NetR6_1 Pin=R6-1
Added Pin To Net: NetName=NetR6_1 Pin=U?-27
Added Net: Name=NetR6_1
Added Pin To Net: NetName=NetR7_1 Pin=R7-1
Added Pin To Net: NetName=NetR7_1 Pin=U?-26
Added Net: Name=NetR7_1
Added Pin To Net: NetName=NetR8_1 Pin=R8-1
Added Pin To Net: NetName=NetR8_1 Pin=U?-25
Added Net: Name=NetR8_1
Added Pin To Net: NetName=NetR11_1 Pin=R11-1
Added Pin To Net: NetName=NetR11_1 Pin=U?-41
Added Net: Name=NetR11_1
Added Pin To Net: NetName=NetR14_1 Pin=R14-1
Added Pin To Net: NetName=NetR14_1 Pin=U?-39
Added Net: Name=NetR14_1
Added Pin To Net: NetName=NetR20_1 Pin=R20-1
Added Pin To Net: NetName=NetR20_1 Pin=U?-13
Added Net: Name=NetR20_1
Added Pin To Net: NetName=NetR21_1 Pin=R21-1
Added Pin To Net: NetName=NetR21_1 Pin=U?-14
Added Net: Name=NetR21_1
Added Pin To Net: NetName=NetR22_1 Pin=R22-1
Added Pin To Net: NetName=NetR22_1 Pin=U?-15
Added Net: Name=NetR22_1
Added Pin To Net: NetName=NetR23_1 Pin=R23-1
Added Pin To Net: NetName=NetR23_1 Pin=U?-16
Added Net: Name=NetR23_1
Added Pin To Net: NetName=NetR24_1 Pin=R24-1
Added Pin To Net: NetName=NetR24_1 Pin=U?-17
Added Net: Name=NetR24_1
Added Pin To Net: NetName=NetR25_1 Pin=R25-1
Added Pin To Net: NetName=NetR25_1 Pin=U?-18
Added Net: Name=NetR25_1
Added Pin To Net: NetName=NetR26_1 Pin=R26-1
Added Pin To Net: NetName=NetR26_1 Pin=U?-19
Added Net: Name=NetR26_1
Added Pin To Net: NetName=NetR27_1 Pin=R27-1
Added Pin To Net: NetName=NetR27_1 Pin=U?-20
Added Net: Name=NetR27_1
Added Pin To Net: NetName=NRST Pin=BT-2
Added Pin To Net: NetName=NRST Pin=C5-1
Added Pin To Net: NetName=NRST Pin=DS-4
Added Pin To Net: NetName=NRST Pin=U?-7
Added Net: Name=NRST
Added Pin To Net: NetName=OSC1 Pin=C6-1
Added Pin To Net: NetName=OSC1 Pin=U?-5
Added Pin To Net: NetName=OSC1 Pin=XT-1
Added Net: Name=OSC1
Added Pin To Net: NetName=OSC2 Pin=C7-1
Added Pin To Net: NetName=OSC2 Pin=U?-6
Added Pin To Net: NetName=OSC2 Pin=XT-2
Added Net: Name=OSC2
Added Pin To Net: NetName=SWCLK Pin=J1-3
Added Pin To Net: NetName=SWCLK Pin=U?-37
Added Net: Name=SWCLK
Added Pin To Net: NetName=SWDIO Pin=J1-2
Added Pin To Net: NetName=SWDIO Pin=U?-34
Added Net: Name=SWDIO
Added Class: Name=BUTTON
Added Class: Name=BUZZER
Added Class: Name=DHT11
Added Class: Name=ESP8266
Added Class: Name=IR18T38
Added Class: Name=KHOI_HA_APP
Added Class: Name=LED_7SEG
Added Class: Name=RELAY
Added Class: Name=STM_32
Added Room: Name=BUTTON
Added Room: Name=BUZZER
Added Room: Name=DHT11
Added Room: Name=ESP8266
Added Room: Name=IR18T38
Added Room: Name=KHOI_HA_APP
Added Room: Name=LED_7SEG
Added Room: Name=RELAY
Added Room: Name=STM_32
